nohup: ignoring input
[nltk_data] Downloading package wordnet to
[nltk_data]     /home/xiaoyukou/nltk_data...
[nltk_data]   Package wordnet is already up-to-date!
[nltk_data] Downloading package punkt to /home/xiaoyukou/nltk_data...
[nltk_data]   Package punkt is already up-to-date!

Processing row:  0
Total data rows:  2
Total data with DKI:  0
Total data with Insight:  1
Rejected reasons:  {'DKI Insight': 0, 'Other Insight': 1, 'Diversity': 1, 'Different Language': 0, 'Wrong Assets': 0, 'Asset Count': 0}

Processing row:  10000
Total data rows:  14767
Total data with DKI:  1334
Total data with Insight:  4413
Rejected reasons:  {'DKI Insight': 762, 'Other Insight': 1692, 'Diversity': 6426, 'Different Language': 1281, 'Wrong Assets': 3335, 'Asset Count': 1271}

Processing row:  20000
Total data rows:  29561
Total data with DKI:  2688
Total data with Insight:  8817
Rejected reasons:  {'DKI Insight': 1545, 'Other Insight': 3366, 'Diversity': 12831, 'Different Language': 2502, 'Wrong Assets': 6763, 'Asset Count': 2554}

Processing row:  30000
Total data rows:  44323
Total data with DKI:  3983
Total data with Insight:  13225
Rejected reasons:  {'DKI Insight': 2303, 'Other Insight': 5076, 'Diversity': 19317, 'Different Language': 3652, 'Wrong Assets': 10180, 'Asset Count': 3795}

Processing row:  40000
Total data rows:  58901
Total data with DKI:  5233
Total data with Insight:  17592
Rejected reasons:  {'DKI Insight': 3024, 'Other Insight': 6740, 'Diversity': 25749, 'Different Language': 4874, 'Wrong Assets': 13475, 'Asset Count': 5039}

Processing row:  50000
Total data rows:  73702
Total data with DKI:  6556
Total data with Insight:  21983
Rejected reasons:  {'DKI Insight': 3794, 'Other Insight': 8469, 'Diversity': 32283, 'Different Language': 6034, 'Wrong Assets': 16875, 'Asset Count': 6247}

Processing row:  60000
Total data rows:  88409
Total data with DKI:  7892
Total data with Insight:  26366
Rejected reasons:  {'DKI Insight': 4536, 'Other Insight': 10155, 'Diversity': 38667, 'Different Language': 7244, 'Wrong Assets': 20324, 'Asset Count': 7483}

Processing row:  70000
Total data rows:  103053
Total data with DKI:  9184
Total data with Insight:  30710
Rejected reasons:  {'DKI Insight': 5279, 'Other Insight': 11843, 'Diversity': 45114, 'Different Language': 8427, 'Wrong Assets': 23745, 'Asset Count': 8645}

Processing row:  80000
Total data rows:  117674
Total data with DKI:  10493
Total data with Insight:  35013
Rejected reasons:  {'DKI Insight': 6031, 'Other Insight': 13516, 'Diversity': 51509, 'Different Language': 9648, 'Wrong Assets': 27130, 'Asset Count': 9840}

Processing row:  90000
Total data rows:  132472
Total data with DKI:  11819
Total data with Insight:  39445
Rejected reasons:  {'DKI Insight': 6770, 'Other Insight': 15145, 'Diversity': 58042, 'Different Language': 10886, 'Wrong Assets': 30551, 'Asset Count': 11078}

Processing row:  100000
Total data rows:  147181
Total data with DKI:  13136
Total data with Insight:  43853
Rejected reasons:  {'DKI Insight': 7517, 'Other Insight': 16819, 'Diversity': 64437, 'Different Language': 12122, 'Wrong Assets': 33932, 'Asset Count': 12354}

Processing row:  110000
Total data rows:  161908
Total data with DKI:  14416
Total data with Insight:  48296
Rejected reasons:  {'DKI Insight': 8251, 'Other Insight': 18524, 'Diversity': 70845, 'Different Language': 13314, 'Wrong Assets': 37373, 'Asset Count': 13601}

Processing row:  120000
Total data rows:  176693
Total data with DKI:  15764
Total data with Insight:  52706
Rejected reasons:  {'DKI Insight': 9020, 'Other Insight': 20151, 'Diversity': 77391, 'Different Language': 14522, 'Wrong Assets': 40807, 'Asset Count': 14802}

Processing row:  130000
Total data rows:  191343
Total data with DKI:  17041
Total data with Insight:  57044
Rejected reasons:  {'DKI Insight': 9745, 'Other Insight': 21787, 'Diversity': 83856, 'Different Language': 15691, 'Wrong Assets': 44216, 'Asset Count': 16048}

Processing row:  140000
Total data rows:  206020
Total data with DKI:  18360
Total data with Insight:  61417
Rejected reasons:  {'DKI Insight': 10490, 'Other Insight': 23441, 'Diversity': 90223, 'Different Language': 16941, 'Wrong Assets': 47661, 'Asset Count': 17264}

Processing row:  150000
Total data rows:  220672
Total data with DKI:  19645
Total data with Insight:  65828
Rejected reasons:  {'DKI Insight': 11211, 'Other Insight': 25122, 'Diversity': 96597, 'Different Language': 18105, 'Wrong Assets': 51090, 'Asset Count': 18547}

Processing row:  160000
Total data rows:  235319
Total data with DKI:  20932
Total data with Insight:  70229
Rejected reasons:  {'DKI Insight': 11931, 'Other Insight': 26795, 'Diversity': 103059, 'Different Language': 19295, 'Wrong Assets': 54502, 'Asset Count': 19737}

Processing row:  170000
Total data rows:  250159
Total data with DKI:  22278
Total data with Insight:  74675
Rejected reasons:  {'DKI Insight': 12712, 'Other Insight': 28512, 'Diversity': 109623, 'Different Language': 20515, 'Wrong Assets': 57856, 'Asset Count': 20941}

Processing row:  180000
Total data rows:  264962
Total data with DKI:  23619
Total data with Insight:  79145
Rejected reasons:  {'DKI Insight': 13494, 'Other Insight': 30241, 'Diversity': 116035, 'Different Language': 21784, 'Wrong Assets': 61243, 'Asset Count': 22165}

Processing row:  190000
Total data rows:  279619
Total data with DKI:  24903
Total data with Insight:  83553
Rejected reasons:  {'DKI Insight': 14200, 'Other Insight': 31935, 'Diversity': 122425, 'Different Language': 23003, 'Wrong Assets': 64638, 'Asset Count': 23418}

Processing row:  200000
Total data rows:  294323
Total data with DKI:  26189
Total data with Insight:  87945
Rejected reasons:  {'DKI Insight': 14964, 'Other Insight': 33594, 'Diversity': 128864, 'Different Language': 24232, 'Wrong Assets': 68036, 'Asset Count': 24633}

Processing row:  210000
Total data rows:  309068
Total data with DKI:  27568
Total data with Insight:  92276
Rejected reasons:  {'DKI Insight': 15779, 'Other Insight': 35344, 'Diversity': 135158, 'Different Language': 25476, 'Wrong Assets': 71404, 'Asset Count': 25907}

Processing row:  220000
Total data rows:  323743
Total data with DKI:  28925
Total data with Insight:  96619
Rejected reasons:  {'DKI Insight': 16542, 'Other Insight': 37015, 'Diversity': 141488, 'Different Language': 26691, 'Wrong Assets': 74867, 'Asset Count': 27140}

Processing row:  230000
Total data rows:  338518
Total data with DKI:  30267
Total data with Insight:  101038
Rejected reasons:  {'DKI Insight': 17319, 'Other Insight': 38724, 'Diversity': 147898, 'Different Language': 27919, 'Wrong Assets': 78255, 'Asset Count': 28403}

Processing row:  240000
Total data rows:  353262
Total data with DKI:  31562
Total data with Insight:  105442
Rejected reasons:  {'DKI Insight': 18071, 'Other Insight': 40454, 'Diversity': 154273, 'Different Language': 29129, 'Wrong Assets': 81632, 'Asset Count': 29703}

Processing row:  250000
Total data rows:  367963
Total data with DKI:  32876
Total data with Insight:  109817
Rejected reasons:  {'DKI Insight': 18806, 'Other Insight': 42105, 'Diversity': 160778, 'Different Language': 30296, 'Wrong Assets': 85030, 'Asset Count': 30948}

Processing row:  260000
Total data rows:  382625
Total data with DKI:  34122
Total data with Insight:  114215
Rejected reasons:  {'DKI Insight': 19529, 'Other Insight': 43768, 'Diversity': 167177, 'Different Language': 31547, 'Wrong Assets': 88420, 'Asset Count': 32184}

Processing row:  270000
Total data rows:  397291
Total data with DKI:  35426
Total data with Insight:  118537
Rejected reasons:  {'DKI Insight': 20271, 'Other Insight': 45418, 'Diversity': 173588, 'Different Language': 32754, 'Wrong Assets': 91849, 'Asset Count': 33411}

Processing row:  280000
Total data rows:  412033
Total data with DKI:  36684
Total data with Insight:  122976
Rejected reasons:  {'DKI Insight': 20977, 'Other Insight': 47076, 'Diversity': 180103, 'Different Language': 33942, 'Wrong Assets': 95260, 'Asset Count': 34675}

Processing row:  290000
Total data rows:  426645
Total data with DKI:  37947
Total data with Insight:  127309
Rejected reasons:  {'DKI Insight': 21654, 'Other Insight': 48704, 'Diversity': 186515, 'Different Language': 35145, 'Wrong Assets': 98739, 'Asset Count': 35888}

Processing row:  300000
Total data rows:  441470
Total data with DKI:  39282
Total data with Insight:  131711
Rejected reasons:  {'DKI Insight': 22391, 'Other Insight': 50395, 'Diversity': 193062, 'Different Language': 36409, 'Wrong Assets': 102065, 'Asset Count': 37148}

Processing row:  310000
Total data rows:  456253
Total data with DKI:  40576
Total data with Insight:  136103
Rejected reasons:  {'DKI Insight': 23095, 'Other Insight': 52127, 'Diversity': 199537, 'Different Language': 37642, 'Wrong Assets': 105468, 'Asset Count': 38384}

Processing row:  320000
Total data rows:  470925
Total data with DKI:  41871
Total data with Insight:  140443
Rejected reasons:  {'DKI Insight': 23824, 'Other Insight': 53796, 'Diversity': 205984, 'Different Language': 38865, 'Wrong Assets': 108812, 'Asset Count': 39644}

Processing row:  330000
Total data rows:  485579
Total data with DKI:  43157
Total data with Insight:  144783
Rejected reasons:  {'DKI Insight': 24528, 'Other Insight': 55473, 'Diversity': 212475, 'Different Language': 40070, 'Wrong Assets': 112191, 'Asset Count': 40842}

Processing row:  340000
Total data rows:  500373
Total data with DKI:  44519
Total data with Insight:  149168
Rejected reasons:  {'DKI Insight': 25312, 'Other Insight': 57130, 'Diversity': 218858, 'Different Language': 41373, 'Wrong Assets': 115610, 'Asset Count': 42090}

Processing row:  350000
Total data rows:  515104
Total data with DKI:  45799
Total data with Insight:  153605
Rejected reasons:  {'DKI Insight': 26049, 'Other Insight': 58795, 'Diversity': 225323, 'Different Language': 42578, 'Wrong Assets': 119036, 'Asset Count': 43323}

Processing row:  360000
Total data rows:  529821
Total data with DKI:  47131
Total data with Insight:  157989
Rejected reasons:  {'DKI Insight': 26780, 'Other Insight': 60534, 'Diversity': 231835, 'Different Language': 43755, 'Wrong Assets': 122359, 'Asset Count': 44558}

Processing row:  370000
Total data rows:  544468
Total data with DKI:  48436
Total data with Insight:  162306
Rejected reasons:  {'DKI Insight': 27516, 'Other Insight': 62238, 'Diversity': 238291, 'Different Language': 44966, 'Wrong Assets': 125660, 'Asset Count': 45797}

Processing row:  380000
Total data rows:  559171
Total data with DKI:  49734
Total data with Insight:  166730
Rejected reasons:  {'DKI Insight': 28234, 'Other Insight': 63988, 'Diversity': 244582, 'Different Language': 46230, 'Wrong Assets': 129109, 'Asset Count': 47028}

Processing row:  390000
Total data rows:  573803
Total data with DKI:  51023
Total data with Insight:  171116
Rejected reasons:  {'DKI Insight': 28980, 'Other Insight': 65696, 'Diversity': 250851, 'Different Language': 47449, 'Wrong Assets': 132593, 'Asset Count': 48234}

Processing row:  400000
Total data rows:  588542
Total data with DKI:  52309
Total data with Insight:  175548
Rejected reasons:  {'DKI Insight': 29708, 'Other Insight': 67357, 'Diversity': 257202, 'Different Language': 48684, 'Wrong Assets': 136016, 'Asset Count': 49575}

Processing row:  410000
Total data rows:  603178
Total data with DKI:  53634
Total data with Insight:  179865
Rejected reasons:  {'DKI Insight': 30441, 'Other Insight': 69044, 'Diversity': 263547, 'Different Language': 49904, 'Wrong Assets': 139457, 'Asset Count': 50785}

Processing row:  420000
Total data rows:  617750
Total data with DKI:  54908
Total data with Insight:  184168
Rejected reasons:  {'DKI Insight': 31206, 'Other Insight': 70712, 'Diversity': 269963, 'Different Language': 51124, 'Wrong Assets': 142759, 'Asset Count': 51986}

Processing row:  430000
Total data rows:  632455
Total data with DKI:  56258
Total data with Insight:  188558
Rejected reasons:  {'DKI Insight': 31962, 'Other Insight': 72392, 'Diversity': 276369, 'Different Language': 52332, 'Wrong Assets': 146145, 'Asset Count': 53255}

Processing row:  440000
Total data rows:  647056
Total data with DKI:  57562
Total data with Insight:  192899
Rejected reasons:  {'DKI Insight': 32704, 'Other Insight': 74092, 'Diversity': 282647, 'Different Language': 53552, 'Wrong Assets': 149572, 'Asset Count': 54489}

Processing row:  450000
Total data rows:  661741
Total data with DKI:  58865
Total data with Insight:  197257
Rejected reasons:  {'DKI Insight': 33450, 'Other Insight': 75786, 'Diversity': 289062, 'Different Language': 54752, 'Wrong Assets': 153005, 'Asset Count': 55686}

Processing row:  460000
Total data rows:  676498
Total data with DKI:  60164
Total data with Insight:  201688
Rejected reasons:  {'DKI Insight': 34177, 'Other Insight': 77498, 'Diversity': 295524, 'Different Language': 55985, 'Wrong Assets': 156381, 'Asset Count': 56933}

Processing row:  470000
Total data rows:  691178
Total data with DKI:  61474
Total data with Insight:  206057
Rejected reasons:  {'DKI Insight': 34885, 'Other Insight': 79166, 'Diversity': 301969, 'Different Language': 57225, 'Wrong Assets': 159815, 'Asset Count': 58118}

Processing row:  480000
Total data rows:  705896
Total data with DKI:  62796
Total data with Insight:  210445
Rejected reasons:  {'DKI Insight': 35648, 'Other Insight': 80893, 'Diversity': 308429, 'Different Language': 58387, 'Wrong Assets': 163154, 'Asset Count': 59385}

Processing row:  490000
Total data rows:  720638
Total data with DKI:  64083
Total data with Insight:  214850
Rejected reasons:  {'DKI Insight': 36379, 'Other Insight': 82634, 'Diversity': 314858, 'Different Language': 59601, 'Wrong Assets': 166558, 'Asset Count': 60608}

Processing row:  500000
Total data rows:  735301
Total data with DKI:  65355
Total data with Insight:  219194
Rejected reasons:  {'DKI Insight': 37115, 'Other Insight': 84268, 'Diversity': 321179, 'Different Language': 60877, 'Wrong Assets': 169971, 'Asset Count': 61891}

Total input rows:  500001
Total data rows for model:  735301
Total data with DKI:  65355
Total data with Insight:  219194
Rejected reasons:  {'DKI Insight': 37115, 'Other Insight': 84268, 'Diversity': 321179, 'Different Language': 60877, 'Wrong Assets': 169971, 'Asset Count': 61891}

Train data size:  698535
Test data size:  36766
Data generation is done.
